[00:25:00 DBG] DeviceStatusJob: Stopping timer - 6/28/2022 12:25:00 AM
[00:25:00 DBG] DeviceStatusJob.DoWork is called
[00:25:11 INF] IP Address for logging: 173.164.25.62
[00:25:14 INF] App Version: "3.1.16"
[00:25:14 INF] Application up to date. No update required.
[00:25:15 INF] DB version "3.0.234"
[00:25:15 INF] Local database up to date. No update required.
[00:25:15 DBG] DeviceStatusJob: Starting - 12:25 AM, Next - 2:24 AM
[00:41:59 DBG] UpdateJob: Stopping timer - 6/28/2022 12:41:59 AM
[00:42:01 INF] App Version: "3.1.16"
[00:42:01 INF] Application up to date. No update required.
[00:42:02 INF] DB version "3.0.234"
[00:42:02 INF] Local database up to date. No update required.
[00:42:02 DBG] IsStoreTargetedForUpdate called by UpdateJob
[00:42:02 DBG] UpdateJob: Starting - 12:42 AM, Next - 1:42 AM
[01:01:21 INF] Client connected
[01:01:21 INF] Waiting for connection
[01:01:21 INF] TCP reqeust recieved
[01:01:21 DBG] Found a Brink init sequence
[01:01:21 DBG] Processed Brink Init in 00:00:00.0006139
[01:01:31 WRN] Client connected but did not send any data during 10000 ms timeout and was disconnected
[01:01:31 INF] Client disconnected
[01:41:59 DBG] UpdateJob: Stopping timer - 6/28/2022 1:41:59 AM
[01:42:01 INF] App Version: "3.1.16"
[01:42:01 INF] Application up to date. No update required.
[01:42:02 INF] DB version "3.0.234"
[01:42:02 INF] Local database up to date. No update required.
[01:42:02 DBG] IsStoreTargetedForUpdate called by UpdateJob
[01:42:02 DBG] UpdateJob: Starting - 1:42 AM, Next - 2:42 AM
[02:24:59 DBG] DeviceStatusJob: Stopping timer - 6/28/2022 2:24:59 AM
[02:24:59 DBG] DeviceStatusJob.DoWork is called
[02:25:00 INF] IP Address for logging: 173.164.25.62
[02:25:02 INF] App Version: "3.1.16"
[02:25:02 INF] Application up to date. No update required.
[02:25:03 INF] DB version "3.0.234"
[02:25:03 INF] Local database up to date. No update required.
[02:25:03 DBG] DeviceStatusJob: Starting - 2:25 AM, Next - 4:24 AM
[02:41:59 DBG] UpdateJob: Stopping timer - 6/28/2022 2:41:59 AM
[02:42:01 INF] App Version: "3.1.16"
[02:42:01 INF] Application up to date. No update required.
[02:42:02 INF] DB version "3.0.234"
[02:42:02 INF] Local database up to date. No update required.
[02:42:02 DBG] IsStoreTargetedForUpdate called by UpdateJob
[02:42:02 DBG] UpdateJob: Starting - 2:42 AM, Next - 3:42 AM
[03:42:00 DBG] UpdateJob: Stopping timer - 6/28/2022 3:42:00 AM
[03:42:01 INF] App Version: "3.1.16"
[03:42:01 INF] Application up to date. No update required.
[03:42:03 INF] DB version "3.0.234"
[03:42:03 INF] Local database up to date. No update required.
[03:42:03 DBG] IsStoreTargetedForUpdate called by UpdateJob
[03:42:03 DBG] UpdateJob: Starting - 3:42 AM, Next - 9:41 PM
[04:01:01 INF] Listener stopping
[04:01:01 INF] Client connected
[04:01:01 ERR] Uncaught exception
[04:01:01 INF] Listener stopped
[04:01:01 INF] Listener stopping
[04:01:01 INF] Listener stopped
[04:01:01 FTL] RME Shutting Down!!!
[04:01:14 INF] RME Starting - Linux 5.4.79-v7+ #1373 SMP Mon Nov 23 13:22:33 GMT 2020 - Arm - Arm
[04:01:15 DBG] NetworkUtilities Constructed
[04:01:15 DBG] IsNetorkAdapterReady Attempt: 1
[04:01:15 DBG] Attempting to ping |10.10.10.180|
[04:01:15 INF] Base Path: /home/skadmin/RME
[04:01:18 INF] Listener starting on port 9100
[04:01:18 INF] Listener started
[04:01:18 DBG] DeviceStatusJob - Parsed Cron Expression: |0 9 0,2,4,6,8,10,12,14,16,18,20,22 * * *|
[04:01:18 DBG] UpdateJob - Parsed Cron Expression: |0 10 0,1,2,3,21,22,23 * * *|
[04:01:18 INF] Worker.StartAsync called
[04:01:19 DBG] DeviceStatusJob: Creating Timer: Next Interval - 4:01 AM
[04:01:19 DBG] UpdateJob: Creating Timer: Next Interval - 9:10 PM
[04:01:19 INF] RME Started. Awaiting Requests
[04:01:19 INF] MAC - System.Threading.Tasks.Task`1[System.String]
[04:01:19 INF] Waiting for connection
[04:01:19 DBG] DeviceStatusJob: Stopping timer - 6/28/2022 4:01:19 AM
[04:01:19 DBG] DeviceStatusJob.DoWork is called
[04:01:20 INF] IP Address for logging: 173.164.25.62
[04:01:25 INF] App Version: "3.1.16"
[04:01:25 INF] Application up to date. No update required.
[04:01:26 INF] DB version "3.0.234"
[04:01:26 INF] Local database up to date. No update required.
[04:01:26 DBG] DeviceStatusJob: Starting - 4:01 AM, Next - 4:08 AM
[04:09:10 DBG] DeviceStatusJob: Stopping timer - 6/28/2022 4:09:10 AM
[04:09:10 DBG] DeviceStatusJob.DoWork is called
[04:09:12 INF] IP Address for logging: 173.164.25.62
[04:09:15 INF] App Version: "3.1.16"
[04:09:15 INF] Application up to date. No update required.
[04:09:16 INF] DB version "3.0.234"
[04:09:16 INF] Local database up to date. No update required.
[04:09:16 DBG] DeviceStatusJob: Starting - 4:09 AM, Next - 6:08 AM
[06:09:00 DBG] DeviceStatusJob: Stopping timer - 6/28/2022 6:09:00 AM
[06:09:00 DBG] DeviceStatusJob.DoWork is called
[06:09:01 INF] IP Address for logging: 173.164.25.62
[06:09:03 INF] App Version: "3.1.16"
[06:09:03 INF] Application up to date. No update required.
[06:09:04 INF] DB version "3.0.234"
[06:09:04 INF] Local database up to date. No update required.
[06:09:04 DBG] DeviceStatusJob: Starting - 6:09 AM, Next - 8:09 AM
[06:17:13 INF] RME Starting - Linux 5.4.79-v7+ #1373 SMP Mon Nov 23 13:22:33 GMT 2020 - Arm - Arm
[06:17:14 DBG] NetworkUtilities Constructed
[06:17:14 DBG] IsNetorkAdapterReady Attempt: 1
[06:17:14 DBG] Attempting to ping |10.10.10.180|
[06:17:14 INF] Base Path: /home/skadmin/RME
[06:17:17 INF] Listener starting on port 9100
[06:17:17 INF] Listener started
[06:17:17 DBG] DeviceStatusJob - Parsed Cron Expression: |0 43 0,2,4,6,8,10,12,14,16,18,20,22 * * *|
[06:17:17 DBG] UpdateJob - Parsed Cron Expression: |0 24 0,1,2,3,21,22,23 * * *|
[06:17:17 INF] Worker.StartAsync called
[06:17:18 DBG] DeviceStatusJob: Creating Timer: Next Interval - 6:17 AM
[06:17:18 DBG] UpdateJob: Creating Timer: Next Interval - 9:23 PM
[06:17:18 DBG] DeviceStatusJob: Stopping timer - 6/28/2022 6:17:18 AM
[06:17:18 DBG] DeviceStatusJob.DoWork is called
[06:17:28 ERR] Could not retrieve public IP address from http://checkip.dyndns.org/
System.Net.Http.HttpRequestException: Resource temporarily unavailable
 ---> System.Net.Sockets.SocketException (11): Resource temporarily unavailable
   at System.Net.Http.ConnectHelper.ConnectAsync(String host, Int32 port, CancellationToken cancellationToken)
   --- End of inner exception stack trace ---
   at System.Net.Http.ConnectHelper.ConnectAsync(String host, Int32 port, CancellationToken cancellationToken)
   at System.Net.Http.HttpConnectionPool.ConnectAsync(HttpRequestMessage request, Boolean allowHttp2, CancellationToken cancellationToken)
   at System.Net.Http.HttpConnectionPool.CreateHttp11ConnectionAsync(HttpRequestMessage request, CancellationToken cancellationToken)
   at System.Net.Http.HttpConnectionPool.GetHttpConnectionAsync(HttpRequestMessage request, CancellationToken cancellationToken)
   at System.Net.Http.HttpConnectionPool.SendWithRetryAsync(HttpRequestMessage request, Boolean doRequestAuth, CancellationToken cancellationToken)
   at System.Net.Http.RedirectHandler.SendAsync(HttpRequestMessage request, CancellationToken cancellationToken)
   at Microsoft.Extensions.Http.Logging.LoggingHttpMessageHandler.SendAsync(HttpRequestMessage request, CancellationToken cancellationToken)
   at Microsoft.Extensions.Http.Logging.LoggingScopeHttpMessageHandler.SendAsync(HttpRequestMessage request, CancellationToken cancellationToken)
   at System.Net.Http.HttpClient.FinishSendAsyncBuffered(Task`1 sendTask, HttpRequestMessage request, CancellationTokenSource cts, Boolean disposeCts)
   at RME.App.Services.Extraction.GetPublicIpAddress() in /home/vsts/work/1/s/RME.App/Services/Extraction.cs:line 137
[06:17:28 ERR] Could not retrieve public IP address from http://checkip.dyndns.org/
System.Net.Http.HttpRequestException: Resource temporarily unavailable
 ---> System.Net.Sockets.SocketException (11): Resource temporarily unavailable
   at System.Net.Http.ConnectHelper.ConnectAsync(String host, Int32 port, CancellationToken cancellationToken)
   --- End of inner exception stack trace ---
   at System.Net.Http.ConnectHelper.ConnectAsync(String host, Int32 port, CancellationToken cancellationToken)
   at System.Net.Http.HttpConnectionPool.ConnectAsync(HttpRequestMessage request, Boolean allowHttp2, CancellationToken cancellationToken)
   at System.Net.Http.HttpConnectionPool.CreateHttp11ConnectionAsync(HttpRequestMessage request, CancellationToken cancellationToken)
   at System.Net.Http.HttpConnectionPool.GetHttpConnectionAsync(HttpRequestMessage request, CancellationToken cancellationToken)
   at System.Net.Http.HttpConnectionPool.SendWithRetryAsync(HttpRequestMessage request, Boolean doRequestAuth, CancellationToken cancellationToken)
   at System.Net.Http.RedirectHandler.SendAsync(HttpRequestMessage request, CancellationToken cancellationToken)
   at Microsoft.Extensions.Http.Logging.LoggingHttpMessageHandler.SendAsync(HttpRequestMessage request, CancellationToken cancellationToken)
   at Microsoft.Extensions.Http.Logging.LoggingScopeHttpMessageHandler.SendAsync(HttpRequestMessage request, CancellationToken cancellationToken)
   at System.Net.Http.HttpClient.FinishSendAsyncBuffered(Task`1 sendTask, HttpRequestMessage request, CancellationTokenSource cts, Boolean disposeCts)
   at RME.App.Services.Extraction.GetPublicIpAddress() in /home/vsts/work/1/s/RME.App/Services/Extraction.cs:line 137
[06:17:39 ERR] Could not retrieve public IP address from http://checkip.dyndns.org/
System.Net.Http.HttpRequestException: Resource temporarily unavailable
 ---> System.Net.Sockets.SocketException (11): Resource temporarily unavailable
   at System.Net.Http.ConnectHelper.ConnectAsync(String host, Int32 port, CancellationToken cancellationToken)
   --- End of inner exception stack trace ---
   at System.Net.Http.ConnectHelper.ConnectAsync(String host, Int32 port, CancellationToken cancellationToken)
   at System.Net.Http.HttpConnectionPool.ConnectAsync(HttpRequestMessage request, Boolean allowHttp2, CancellationToken cancellationToken)
   at System.Net.Http.HttpConnectionPool.CreateHttp11ConnectionAsync(HttpRequestMessage request, CancellationToken cancellationToken)
   at System.Net.Http.HttpConnectionPool.GetHttpConnectionAsync(HttpRequestMessage request, CancellationToken cancellationToken)
   at System.Net.Http.HttpConnectionPool.SendWithRetryAsync(HttpRequestMessage request, Boolean doRequestAuth, CancellationToken cancellationToken)
   at System.Net.Http.RedirectHandler.SendAsync(HttpRequestMessage request, CancellationToken cancellationToken)
   at Microsoft.Extensions.Http.Logging.LoggingHttpMessageHandler.SendAsync(HttpRequestMessage request, CancellationToken cancellationToken)
   at Microsoft.Extensions.Http.Logging.LoggingScopeHttpMessageHandler.SendAsync(HttpRequestMessage request, CancellationToken cancellationToken)
   at System.Net.Http.HttpClient.FinishSendAsyncBuffered(Task`1 sendTask, HttpRequestMessage request, CancellationTokenSource cts, Boolean disposeCts)
   at RME.App.Services.Extraction.GetPublicIpAddress() in /home/vsts/work/1/s/RME.App/Services/Extraction.cs:line 137
[06:17:39 ERR] Could not retrieve public IP address from http://checkip.dyndns.org/
System.Net.Http.HttpRequestException: Resource temporarily unavailable
 ---> System.Net.Sockets.SocketException (11): Resource temporarily unavailable
   at System.Net.Http.ConnectHelper.ConnectAsync(String host, Int32 port, CancellationToken cancellationToken)
   --- End of inner exception stack trace ---
   at System.Net.Http.ConnectHelper.ConnectAsync(String host, Int32 port, CancellationToken cancellationToken)
   at System.Net.Http.HttpConnectionPool.ConnectAsync(HttpRequestMessage request, Boolean allowHttp2, CancellationToken cancellationToken)
   at System.Net.Http.HttpConnectionPool.CreateHttp11ConnectionAsync(HttpRequestMessage request, CancellationToken cancellationToken)
   at System.Net.Http.HttpConnectionPool.GetHttpConnectionAsync(HttpRequestMessage request, CancellationToken cancellationToken)
   at System.Net.Http.HttpConnectionPool.SendWithRetryAsync(HttpRequestMessage request, Boolean doRequestAuth, CancellationToken cancellationToken)
   at System.Net.Http.RedirectHandler.SendAsync(HttpRequestMessage request, CancellationToken cancellationToken)
   at Microsoft.Extensions.Http.Logging.LoggingHttpMessageHandler.SendAsync(HttpRequestMessage request, CancellationToken cancellationToken)
   at Microsoft.Extensions.Http.Logging.LoggingScopeHttpMessageHandler.SendAsync(HttpRequestMessage request, CancellationToken cancellationToken)
   at System.Net.Http.HttpClient.FinishSendAsyncBuffered(Task`1 sendTask, HttpRequestMessage request, CancellationTokenSource cts, Boolean disposeCts)
   at RME.App.Services.Extraction.GetPublicIpAddress() in /home/vsts/work/1/s/RME.App/Services/Extraction.cs:line 137
[06:17:49 ERR] Could not retrieve public IP address from http://checkip.dyndns.org/
System.Net.Http.HttpRequestException: Resource temporarily unavailable
 ---> System.Net.Sockets.SocketException (11): Resource temporarily unavailable
   at System.Net.Http.ConnectHelper.ConnectAsync(String host, Int32 port, CancellationToken cancellationToken)
   --- End of inner exception stack trace ---
   at System.Net.Http.ConnectHelper.ConnectAsync(String host, Int32 port, CancellationToken cancellationToken)
   at System.Net.Http.HttpConnectionPool.ConnectAsync(HttpRequestMessage request, Boolean allowHttp2, CancellationToken cancellationToken)
   at System.Net.Http.HttpConnectionPool.CreateHttp11ConnectionAsync(HttpRequestMessage request, CancellationToken cancellationToken)
   at System.Net.Http.HttpConnectionPool.GetHttpConnectionAsync(HttpRequestMessage request, CancellationToken cancellationToken)
   at System.Net.Http.HttpConnectionPool.SendWithRetryAsync(HttpRequestMessage request, Boolean doRequestAuth, CancellationToken cancellationToken)
   at System.Net.Http.RedirectHandler.SendAsync(HttpRequestMessage request, CancellationToken cancellationToken)
   at Microsoft.Extensions.Http.Logging.LoggingHttpMessageHandler.SendAsync(HttpRequestMessage request, CancellationToken cancellationToken)
   at Microsoft.Extensions.Http.Logging.LoggingScopeHttpMessageHandler.SendAsync(HttpRequestMessage request, CancellationToken cancellationToken)
   at System.Net.Http.HttpClient.FinishSendAsyncBuffered(Task`1 sendTask, HttpRequestMessage request, CancellationTokenSource cts, Boolean disposeCts)
   at RME.App.Services.Extraction.GetPublicIpAddress() in /home/vsts/work/1/s/RME.App/Services/Extraction.cs:line 137
[06:17:50 ERR] Could not retrieve public IP address from http://checkip.dyndns.org/
System.Net.Http.HttpRequestException: Resource temporarily unavailable
 ---> System.Net.Sockets.SocketException (11): Resource temporarily unavailable
   at System.Net.Http.ConnectHelper.ConnectAsync(String host, Int32 port, CancellationToken cancellationToken)
   --- End of inner exception stack trace ---
   at System.Net.Http.ConnectHelper.ConnectAsync(String host, Int32 port, CancellationToken cancellationToken)
   at System.Net.Http.HttpConnectionPool.ConnectAsync(HttpRequestMessage request, Boolean allowHttp2, CancellationToken cancellationToken)
   at System.Net.Http.HttpConnectionPool.CreateHttp11ConnectionAsync(HttpRequestMessage request, CancellationToken cancellationToken)
   at System.Net.Http.HttpConnectionPool.GetHttpConnectionAsync(HttpRequestMessage request, CancellationToken cancellationToken)
   at System.Net.Http.HttpConnectionPool.SendWithRetryAsync(HttpRequestMessage request, Boolean doRequestAuth, CancellationToken cancellationToken)
   at System.Net.Http.RedirectHandler.SendAsync(HttpRequestMessage request, CancellationToken cancellationToken)
   at Microsoft.Extensions.Http.Logging.LoggingHttpMessageHandler.SendAsync(HttpRequestMessage request, CancellationToken cancellationToken)
   at Microsoft.Extensions.Http.Logging.LoggingScopeHttpMessageHandler.SendAsync(HttpRequestMessage request, CancellationToken cancellationToken)
   at System.Net.Http.HttpClient.FinishSendAsyncBuffered(Task`1 sendTask, HttpRequestMessage request, CancellationTokenSource cts, Boolean disposeCts)
   at RME.App.Services.Extraction.GetPublicIpAddress() in /home/vsts/work/1/s/RME.App/Services/Extraction.cs:line 137
[06:18:00 ERR] Could not retrieve public IP address from http://checkip.dyndns.org/
System.Net.Http.HttpRequestException: Resource temporarily unavailable
 ---> System.Net.Sockets.SocketException (11): Resource temporarily unavailable
   at System.Net.Http.ConnectHelper.ConnectAsync(String host, Int32 port, CancellationToken cancellationToken)
   --- End of inner exception stack trace ---
   at System.Net.Http.ConnectHelper.ConnectAsync(String host, Int32 port, CancellationToken cancellationToken)
   at System.Net.Http.HttpConnectionPool.ConnectAsync(HttpRequestMessage request, Boolean allowHttp2, CancellationToken cancellationToken)
   at System.Net.Http.HttpConnectionPool.CreateHttp11ConnectionAsync(HttpRequestMessage request, CancellationToken cancellationToken)
   at System.Net.Http.HttpConnectionPool.GetHttpConnectionAsync(HttpRequestMessage request, CancellationToken cancellationToken)
   at System.Net.Http.HttpConnectionPool.SendWithRetryAsync(HttpRequestMessage request, Boolean doRequestAuth, CancellationToken cancellationToken)
   at System.Net.Http.RedirectHandler.SendAsync(HttpRequestMessage request, CancellationToken cancellationToken)
   at Microsoft.Extensions.Http.Logging.LoggingHttpMessageHandler.SendAsync(HttpRequestMessage request, CancellationToken cancellationToken)
   at Microsoft.Extensions.Http.Logging.LoggingScopeHttpMessageHandler.SendAsync(HttpRequestMessage request, CancellationToken cancellationToken)
   at System.Net.Http.HttpClient.FinishSendAsyncBuffered(Task`1 sendTask, HttpRequestMessage request, CancellationTokenSource cts, Boolean disposeCts)
   at RME.App.Services.Extraction.GetPublicIpAddress() in /home/vsts/work/1/s/RME.App/Services/Extraction.cs:line 137
[06:18:01 ERR] Could not retrieve public IP address from http://checkip.dyndns.org/
System.Net.Http.HttpRequestException: Resource temporarily unavailable
 ---> System.Net.Sockets.SocketException (11): Resource temporarily unavailable
   at System.Net.Http.ConnectHelper.ConnectAsync(String host, Int32 port, CancellationToken cancellationToken)
   --- End of inner exception stack trace ---
   at System.Net.Http.ConnectHelper.ConnectAsync(String host, Int32 port, CancellationToken cancellationToken)
   at System.Net.Http.HttpConnectionPool.ConnectAsync(HttpRequestMessage request, Boolean allowHttp2, CancellationToken cancellationToken)
   at System.Net.Http.HttpConnectionPool.CreateHttp11ConnectionAsync(HttpRequestMessage request, CancellationToken cancellationToken)
   at System.Net.Http.HttpConnectionPool.GetHttpConnectionAsync(HttpRequestMessage request, CancellationToken cancellationToken)
   at System.Net.Http.HttpConnectionPool.SendWithRetryAsync(HttpRequestMessage request, Boolean doRequestAuth, CancellationToken cancellationToken)
   at System.Net.Http.RedirectHandler.SendAsync(HttpRequestMessage request, CancellationToken cancellationToken)
   at Microsoft.Extensions.Http.Logging.LoggingHttpMessageHandler.SendAsync(HttpRequestMessage request, CancellationToken cancellationToken)
   at Microsoft.Extensions.Http.Logging.LoggingScopeHttpMessageHandler.SendAsync(HttpRequestMessage request, CancellationToken cancellationToken)
   at System.Net.Http.HttpClient.FinishSendAsyncBuffered(Task`1 sendTask, HttpRequestMessage request, CancellationTokenSource cts, Boolean disposeCts)
   at RME.App.Services.Extraction.GetPublicIpAddress() in /home/vsts/work/1/s/RME.App/Services/Extraction.cs:line 137
[06:18:01 ERR] Error encountered attempting to fetch public IP
System.Exception: Unable to retrieving public IP address after 4 attempts
   at RME.App.Services.Extraction.GetPublicIpAddress() in /home/vsts/work/1/s/RME.App/Services/Extraction.cs:line 159
   at RME.App.Services.StatusService.CreateOrUpdateDeviceStatus() in /home/vsts/work/1/s/RME.App/Services/StatusService.cs:line 35
[06:18:01 ERR] DeviceStatus should not be null here
[06:18:01 DBG] DeviceStatusJob: DoWork failed attempting retry 1 of 3
[06:18:01 DBG] DeviceStatusJob: Starting - 6:18 AM, Next - 6:23 AM
[06:23:01 DBG] DeviceStatusJob: Stopping timer - 6/28/2022 6:23:01 AM
[06:23:01 DBG] DeviceStatusJob.DoWork is called
[06:23:11 ERR] Could not retrieve public IP address from http://checkip.dyndns.org/
System.Net.Http.HttpRequestException: Resource temporarily unavailable
 ---> System.Net.Sockets.SocketException (11): Resource temporarily unavailable
   at System.Net.Http.ConnectHelper.ConnectAsync(String host, Int32 port, CancellationToken cancellationToken)
   --- End of inner exception stack trace ---
   at System.Net.Http.ConnectHelper.ConnectAsync(String host, Int32 port, CancellationToken cancellationToken)
   at System.Net.Http.HttpConnectionPool.ConnectAsync(HttpRequestMessage request, Boolean allowHttp2, CancellationToken cancellationToken)
   at System.Net.Http.HttpConnectionPool.CreateHttp11ConnectionAsync(HttpRequestMessage request, CancellationToken cancellationToken)
   at System.Net.Http.HttpConnectionPool.GetHttpConnectionAsync(HttpRequestMessage request, CancellationToken cancellationToken)
   at System.Net.Http.HttpConnectionPool.SendWithRetryAsync(HttpRequestMessage request, Boolean doRequestAuth, CancellationToken cancellationToken)
   at System.Net.Http.RedirectHandler.SendAsync(HttpRequestMessage request, CancellationToken cancellationToken)
   at Microsoft.Extensions.Http.Logging.LoggingHttpMessageHandler.SendAsync(HttpRequestMessage request, CancellationToken cancellationToken)
   at Microsoft.Extensions.Http.Logging.LoggingScopeHttpMessageHandler.SendAsync(HttpRequestMessage request, CancellationToken cancellationToken)
   at System.Net.Http.HttpClient.FinishSendAsyncBuffered(Task`1 sendTask, HttpRequestMessage request, CancellationTokenSource cts, Boolean disposeCts)
   at RME.App.Services.Extraction.GetPublicIpAddress() in /home/vsts/work/1/s/RME.App/Services/Extraction.cs:line 137
[06:23:22 ERR] Could not retrieve public IP address from http://checkip.dyndns.org/
System.Net.Http.HttpRequestException: Resource temporarily unavailable
 ---> System.Net.Sockets.SocketException (11): Resource temporarily unavailable
   at System.Net.Http.ConnectHelper.ConnectAsync(String host, Int32 port, CancellationToken cancellationToken)
   --- End of inner exception stack trace ---
   at System.Net.Http.ConnectHelper.ConnectAsync(String host, Int32 port, CancellationToken cancellationToken)
   at System.Net.Http.HttpConnectionPool.ConnectAsync(HttpRequestMessage request, Boolean allowHttp2, CancellationToken cancellationToken)
   at System.Net.Http.HttpConnectionPool.CreateHttp11ConnectionAsync(HttpRequestMessage request, CancellationToken cancellationToken)
   at System.Net.Http.HttpConnectionPool.GetHttpConnectionAsync(HttpRequestMessage request, CancellationToken cancellationToken)
   at System.Net.Http.HttpConnectionPool.SendWithRetryAsync(HttpRequestMessage request, Boolean doRequestAuth, CancellationToken cancellationToken)
   at System.Net.Http.RedirectHandler.SendAsync(HttpRequestMessage request, CancellationToken cancellationToken)
   at Microsoft.Extensions.Http.Logging.LoggingHttpMessageHandler.SendAsync(HttpRequestMessage request, CancellationToken cancellationToken)
   at Microsoft.Extensions.Http.Logging.LoggingScopeHttpMessageHandler.SendAsync(HttpRequestMessage request, CancellationToken cancellationToken)
   at System.Net.Http.HttpClient.FinishSendAsyncBuffered(Task`1 sendTask, HttpRequestMessage request, CancellationTokenSource cts, Boolean disposeCts)
   at RME.App.Services.Extraction.GetPublicIpAddress() in /home/vsts/work/1/s/RME.App/Services/Extraction.cs:line 137
[06:23:33 ERR] Could not retrieve public IP address from http://checkip.dyndns.org/
System.Net.Http.HttpRequestException: Resource temporarily unavailable
 ---> System.Net.Sockets.SocketException (11): Resource temporarily unavailable
   at System.Net.Http.ConnectHelper.ConnectAsync(String host, Int32 port, CancellationToken cancellationToken)
   --- End of inner exception stack trace ---
   at System.Net.Http.ConnectHelper.ConnectAsync(String host, Int32 port, CancellationToken cancellationToken)
   at System.Net.Http.HttpConnectionPool.ConnectAsync(HttpRequestMessage request, Boolean allowHttp2, CancellationToken cancellationToken)
   at System.Net.Http.HttpConnectionPool.CreateHttp11ConnectionAsync(HttpRequestMessage request, CancellationToken cancellationToken)
   at System.Net.Http.HttpConnectionPool.GetHttpConnectionAsync(HttpRequestMessage request, CancellationToken cancellationToken)
   at System.Net.Http.HttpConnectionPool.SendWithRetryAsync(HttpRequestMessage request, Boolean doRequestAuth, CancellationToken cancellationToken)
   at System.Net.Http.RedirectHandler.SendAsync(HttpRequestMessage request, CancellationToken cancellationToken)
   at Microsoft.Extensions.Http.Logging.LoggingHttpMessageHandler.SendAsync(HttpRequestMessage request, CancellationToken cancellationToken)
   at Microsoft.Extensions.Http.Logging.LoggingScopeHttpMessageHandler.SendAsync(HttpRequestMessage request, CancellationToken cancellationToken)
   at System.Net.Http.HttpClient.FinishSendAsyncBuffered(Task`1 sendTask, HttpRequestMessage request, CancellationTokenSource cts, Boolean disposeCts)
   at RME.App.Services.Extraction.GetPublicIpAddress() in /home/vsts/work/1/s/RME.App/Services/Extraction.cs:line 137
[06:23:43 ERR] Could not retrieve public IP address from http://checkip.dyndns.org/
System.Net.Http.HttpRequestException: Resource temporarily unavailable
 ---> System.Net.Sockets.SocketException (11): Resource temporarily unavailable
   at System.Net.Http.ConnectHelper.ConnectAsync(String host, Int32 port, CancellationToken cancellationToken)
   --- End of inner exception stack trace ---
   at System.Net.Http.ConnectHelper.ConnectAsync(String host, Int32 port, CancellationToken cancellationToken)
   at System.Net.Http.HttpConnectionPool.ConnectAsync(HttpRequestMessage request, Boolean allowHttp2, CancellationToken cancellationToken)
   at System.Net.Http.HttpConnectionPool.CreateHttp11ConnectionAsync(HttpRequestMessage request, CancellationToken cancellationToken)
   at System.Net.Http.HttpConnectionPool.GetHttpConnectionAsync(HttpRequestMessage request, CancellationToken cancellationToken)
   at System.Net.Http.HttpConnectionPool.SendWithRetryAsync(HttpRequestMessage request, Boolean doRequestAuth, CancellationToken cancellationToken)
   at System.Net.Http.RedirectHandler.SendAsync(HttpRequestMessage request, CancellationToken cancellationToken)
   at Microsoft.Extensions.Http.Logging.LoggingHttpMessageHandler.SendAsync(HttpRequestMessage request, CancellationToken cancellationToken)
   at Microsoft.Extensions.Http.Logging.LoggingScopeHttpMessageHandler.SendAsync(HttpRequestMessage request, CancellationToken cancellationToken)
   at System.Net.Http.HttpClient.FinishSendAsyncBuffered(Task`1 sendTask, HttpRequestMessage request, CancellationTokenSource cts, Boolean disposeCts)
   at RME.App.Services.Extraction.GetPublicIpAddress() in /home/vsts/work/1/s/RME.App/Services/Extraction.cs:line 137
[06:23:44 ERR] Error encountered attempting to fetch public IP
System.Exception: Unable to retrieving public IP address after 4 attempts
   at RME.App.Services.Extraction.GetPublicIpAddress() in /home/vsts/work/1/s/RME.App/Services/Extraction.cs:line 159
   at RME.App.Services.StatusService.CreateOrUpdateDeviceStatus() in /home/vsts/work/1/s/RME.App/Services/StatusService.cs:line 35
[06:23:44 ERR] DeviceStatus should not be null here
[06:23:44 DBG] DeviceStatusJob: DoWork failed attempting retry 2 of 3
[06:23:44 DBG] DeviceStatusJob: Starting - 6:23 AM, Next - 6:28 AM
[06:36:18 DBG] DeviceStatusJob: Stopping timer - 6/28/2022 6:36:18 AM
[06:36:18 DBG] DeviceStatusJob.DoWork is called
[06:36:18 INF] IP Address for logging: 173.164.25.62
[06:36:21 INF] App Version: "3.1.16"
[06:36:21 INF] Application up to date. No update required.
[06:36:22 INF] DB version "3.0.234"
[06:36:22 INF] Local database up to date. No update required.
[06:36:22 DBG] DeviceStatusJob: Starting - 6:36 AM, Next - 6:43 AM
[06:43:00 DBG] DeviceStatusJob: Stopping timer - 6/28/2022 6:43:00 AM
[06:43:00 DBG] DeviceStatusJob.DoWork is called
[06:43:00 INF] IP Address for logging: 173.164.25.62
[06:43:02 INF] App Version: "3.1.16"
[06:43:02 INF] Application up to date. No update required.
[06:43:03 INF] DB version "3.0.234"
[06:43:03 INF] Local database up to date. No update required.
[06:43:03 DBG] DeviceStatusJob: Starting - 6:43 AM, Next - 8:42 AM
